Starting game 0 .
0: bought cutpurse
0: end turn
Player 0: 3
Player 1: 2
1: bought silver
1: endTurn
Player 0: 6
Player 1: 3
0: end turn
Player 0: 5
Player 1: 4
1: bought silver
1: endTurn
Player 0: 2
Player 1: 4
0: bought silver
0: end turn
Player 0: 3
Player 1: 1
1: bought silver
1: endTurn
Player 0: 4
Player 1: 3
0: cutpurse played from position 4
cutpurse played.
0: bought silver
0: end turn
Player 0: 6
Player 1: 4
1: bought silver
1: endTurn
Player 0: 1
Player 1: 5
0: bought cutpurse
0: end turn
Player 0: 3
Player 1: 1
1: bought adventurer
1: endTurn
Player 0: 5
Player 1: 3
0: bought silver
0: end turn
Player 0: 5
Player 1: 4
1: bought silver
1: endTurn
Player 0: 2
Player 1: 4
0: bought silver
0: end turn
Player 0: 2
Player 1: 1
1: bought adventurer
1: endTurn
Player 0: 3
Player 1: 3
0: bought gold
0: end turn
Player 0: 6
Player 1: 3
1: bought gold
1: endTurn
Player 0: 1
Player 1: 3
0: cutpurse played from position 1
cutpurse played.
0: bought silver
0: end turn
Player 0: 2
Player 1: 4
1: adventurer played from position 2
1: bought province
1: endTurn
Player 0: 3
Player 1: 10
0: bought gold
0: end turn
Player 0: 4
Player 1: 10
1: bought province
1: endTurn
Player 0: 5
Player 1: 10
0: bought province
0: end turn
Player 0: 7
Player 1: 6
1: adventurer played from position 0
1: bought province
1: endTurn
Player 0: 1
Player 1: 29
0: bought silver
0: end turn
Player 0: 3
Player 1: 30
1: bought gold
1: endTurn
Player 0: 9
Player 1: 34
0: bought province
0: end turn
Player 0: 21
Player 1: 1
1: bought silver
1: endTurn
Player 0: 22
Player 1: 9
0: bought gold
0: end turn
Player 0: 22
Player 1: 15
1: bought gold
1: endTurn
Player 0: 1
Player 1: 27
0: bought gold
0: end turn
Player 0: 9
Player 1: 33
1: bought province
1: endTurn
Player 0: 15
Player 1: 39
0: bought province
0: end turn
Player 0: 27
Player 1: 47
1: bought silver
1: endTurn
Player 0: 33
Player 1: 44
0: bought province
0: end turn
Player 0: 39
Player 1: 1
Finished game 0 .
Player 0: 39
Player 1: 1
Starting game 1 .
0: bought silver
0: end turn
Player 0: 3
Player 1: 2
1: bought silver
1: endTurn
Player 0: 6
Player 1: 3
0: end turn
Player 0: 6
Player 1: 4
1: bought silver
1: endTurn
Player 0: 2
Player 1: 6
0: bought silver
0: end turn
Player 0: 3
Player 1: 1
1: bought silver
1: endTurn
Player 0: 4
Player 1: 3
0: bought silver
0: end turn
Player 0: 12
Player 1: 4
1: bought silver
1: endTurn
Player 0: 1
Player 1: 5
0: bought silver
0: end turn
Player 0: 3
Player 1: 1
1: bought province
1: endTurn
Player 0: 4
Player 1: 9
0: bought gold
0: end turn
Player 0: 5
Player 1: 10
1: bought silver
1: endTurn
Player 0: 1
Player 1: 10
0: bought silver
0: end turn
Player 0: 1
Player 1: 1
1: bought silver
1: endTurn
Player 0: 3
Player 1: 3
0: bought silver
0: end turn
Player 0: 5
Player 1: 9
1: bought gold
1: endTurn
Player 0: 5
Player 1: 15
0: bought province
0: end turn
Player 0: 11
Player 1: 17
1: bought silver
1: endTurn
Player 0: 8
Player 1: 29
0: end turn
Player 0: 8
Player 1: 1
1: bought silver
1: endTurn
Player 0: 8
Player 1: 8
0: bought province
0: end turn
Player 0: 15
Player 1: 8
1: bought province
1: endTurn
Player 0: 16
Player 1: 15
0: bought gold
0: end turn
Player 0: 23
Player 1: 22
1: bought gold
1: endTurn
Player 0: 0
Player 1: 23
0: bought province
0: end turn
Player 0: 9
Player 1: 1
1: bought gold
1: endTurn
Player 0: 21
Player 1: 9
0: bought silver
0: end turn
Player 0: 27
Player 1: 9
1: bought province
1: endTurn
Player 0: 28
Player 1: 21
0: bought gold
0: end turn
Player 0: 35
Player 1: 27
1: bought province
1: endTurn
Player 0: 37
Player 1: 33
0: bought silver
0: end turn
Player 0: 31
Player 1: 35
1: bought silver
1: endTurn
Player 0: 6
Player 1: 36
0: bought gold
0: end turn
Player 0: 7
Player 1: 7
1: bought silver
1: endTurn
Player 0: 13
Player 1: 14
0: bought province
0: end turn
Player 0: 27
Player 1: 14
Finished game 1 .
Player 0: 27
Player 1: 14
Starting game 2 .
0: bought silver
0: end turn
Player 0: 3
Player 1: 2
1: bought silver
1: endTurn
Player 0: 6
Player 1: 3
0: end turn
Player 0: 7
Player 1: 4
1: bought silver
1: endTurn
Player 0: 2
Player 1: 12
0: bought silver
0: end turn
Player 0: 3
Player 1: 1
1: bought silver
1: endTurn
Player 0: 4
Player 1: 3
0: bought silver
0: end turn
Player 0: 12
Player 1: 4
1: bought silver
1: endTurn
Player 0: 1
Player 1: 5
0: bought silver
0: end turn
Player 0: 3
Player 1: 1
1: bought province
1: endTurn
Player 0: 4
Player 1: 9
0: bought gold
0: end turn
Player 0: 5
Player 1: 10
1: bought silver
1: endTurn
Player 0: 1
Player 1: 10
0: bought silver
0: end turn
Player 0: 1
Player 1: 1
1: bought silver
1: endTurn
Player 0: 3
Player 1: 3
0: bought silver
0: end turn
Player 0: 5
Player 1: 9
1: bought gold
1: endTurn
Player 0: 5
Player 1: 15
0: bought province
0: end turn
Player 0: 11
Player 1: 17
1: bought silver
1: endTurn
Player 0: 8
Player 1: 17
0: end turn
Player 0: 8
Player 1: 1
1: bought silver
1: endTurn
Player 0: 8
Player 1: 8
0: bought province
0: end turn
Player 0: 15
Player 1: 8
1: bought province
1: endTurn
Player 0: 16
Player 1: 15
0: bought gold
0: end turn
Player 0: 23
Player 1: 22
1: bought gold
1: endTurn
Player 0: 0
Player 1: 23
0: bought province
0: end turn
Player 0: 9
Player 1: 1
1: bought gold
1: endTurn
Player 0: 21
Player 1: 9
0: bought silver
0: end turn
Player 0: 27
Player 1: 9
1: bought province
1: endTurn
Player 0: 28
Player 1: 21
0: bought gold
0: end turn
Player 0: 35
Player 1: 27
1: bought province
1: endTurn
Player 0: 37
Player 1: 33
0: bought silver
0: end turn
Player 0: 49
Player 1: 35
1: bought silver
1: endTurn
Player 0: 6
Player 1: 36
0: bought gold
0: end turn
Player 0: 7
Player 1: 7
1: bought silver
1: endTurn
Player 0: 13
Player 1: 14
0: bought province
0: end turn
Player 0: 27
Player 1: 14
Finished game 2 .
Player 0: 27
Player 1: 14
Starting game 3 .
0: bought silver
0: end turn
Player 0: 3
Player 1: 2
1: bought silver
1: endTurn
Player 0: 6
Player 1: 3
0: end turn
Player 0: 7
Player 1: 4
1: bought silver
1: endTurn
Player 0: 2
Player 1: 12
0: bought silver
0: end turn
Player 0: 3
Player 1: 1
1: bought silver
1: endTurn
Player 0: 4
Player 1: 3
0: bought silver
0: end turn
Player 0: 12
Player 1: 4
1: bought silver
1: endTurn
Player 0: 1
Player 1: 5
0: bought silver
0: end turn
Player 0: 3
Player 1: 1
1: bought province
1: endTurn
Player 0: 4
Player 1: 9
0: bought gold
0: end turn
Player 0: 5
Player 1: 10
1: bought silver
1: endTurn
Player 0: 1
Player 1: 10
0: bought silver
0: end turn
Player 0: 1
Player 1: 1
1: bought silver
1: endTurn
Player 0: 3
Player 1: 3
0: bought silver
0: end turn
Player 0: 5
Player 1: 9
1: bought gold
1: endTurn
Player 0: 5
Player 1: 15
0: bought province
0: end turn
Player 0: 11
Player 1: 17
1: bought silver
1: endTurn
Player 0: 8
Player 1: 17
0: end turn
Player 0: 8
Player 1: 1
1: bought silver
1: endTurn
Player 0: 8
Player 1: 8
0: bought province
0: end turn
Player 0: 15
Player 1: 8
1: bought province
1: endTurn
Player 0: 16
Player 1: 15
0: bought gold
0: end turn
Player 0: 23
Player 1: 22
1: bought gold
1: endTurn
Player 0: 0
Player 1: 23
0: bought province
0: end turn
Player 0: 9
Player 1: 1
1: bought gold
1: endTurn
Player 0: 21
Player 1: 9
0: bought silver
0: end turn
Player 0: 27
Player 1: 9
1: bought province
1: endTurn
Player 0: 28
Player 1: 21
0: bought gold
0: end turn
Player 0: 35
Player 1: 27
1: bought province
1: endTurn
Player 0: 37
Player 1: 33
0: bought silver
0: end turn
Player 0: 49
Player 1: 35
1: bought silver
1: endTurn
Player 0: 6
Player 1: 36
0: bought gold
0: end turn
Player 0: 7
Player 1: 7
1: bought silver
1: endTurn
Player 0: 13
Player 1: 14
0: bought province
0: end turn
Player 0: 27
Player 1: 14
Finished game 3 .
Player 0: 27
Player 1: 14
Starting game 4 .
0: bought silver
0: end turn
Player 0: 3
Player 1: 2
1: bought silver
1: endTurn
Player 0: 6
Player 1: 3
0: end turn
Player 0: 7
Player 1: 4
1: bought silver
1: endTurn
Player 0: 2
Player 1: 12
0: bought silver
0: end turn
Player 0: 3
Player 1: 1
1: bought silver
1: endTurn
Player 0: 4
Player 1: 3
0: bought silver
0: end turn
Player 0: 12
Player 1: 4
1: bought silver
1: endTurn
Player 0: 1
Player 1: 5
0: bought silver
0: end turn
Player 0: 3
Player 1: 1
1: bought province
1: endTurn
Player 0: 4
Player 1: 9
0: bought gold
0: end turn
Player 0: 5
Player 1: 10
1: bought silver
1: endTurn
Player 0: 1
Player 1: 10
0: bought silver
0: end turn
Player 0: 1
Player 1: 1
1: bought silver
1: endTurn
Player 0: 3
Player 1: 3
0: bought silver
0: end turn
Player 0: 5
Player 1: 9
1: bought gold
1: endTurn
Player 0: 5
Player 1: 15
0: bought province
0: end turn
Player 0: 11
Player 1: 17
1: bought silver
1: endTurn
Player 0: 8
Player 1: 17
0: end turn
Player 0: 8
Player 1: 1
1: bought silver
1: endTurn
Player 0: 8
Player 1: 8
0: bought province
0: end turn
Player 0: 15
Player 1: 8
1: bought province
1: endTurn
Player 0: 16
Player 1: 15
0: bought gold
0: end turn
Player 0: 23
Player 1: 22
1: bought gold
1: endTurn
Player 0: 0
Player 1: 23
0: bought province
0: end turn
Player 0: 9
Player 1: 1
1: bought gold
1: endTurn
Player 0: 21
Player 1: 9
0: bought silver
0: end turn
Player 0: 27
Player 1: 9
1: bought province
1: endTurn
Player 0: 28
Player 1: 21
0: bought gold
0: end turn
Player 0: 35
Player 1: 27
1: bought province
1: endTurn
Player 0: 37
Player 1: 33
0: bought silver
0: end turn
Player 0: 49
Player 1: 35
1: bought silver
1: endTurn
Player 0: 6
Player 1: 36
0: bought gold
0: end turn
Player 0: 7
Player 1: 7
1: bought silver
1: endTurn
Player 0: 13
Player 1: 14
0: bought province
0: end turn
Player 0: 27
Player 1: 14
Finished game 4 .
Player 0: 27
Player 1: 14
Starting game 5 .
0: bought silver
0: end turn
Player 0: 3
Player 1: 2
1: bought silver
1: endTurn
Player 0: 6
Player 1: 3
0: end turn
Player 0: 7
Player 1: 4
1: bought silver
1: endTurn
Player 0: 2
Player 1: 12
0: bought silver
0: end turn
Player 0: 3
Player 1: 1
1: bought silver
1: endTurn
Player 0: 4
Player 1: 3
0: bought silver
0: end turn
Player 0: 12
Player 1: 4
1: bought silver
1: endTurn
Player 0: 1
Player 1: 5
0: bought silver
0: end turn
Player 0: 3
Player 1: 1
1: bought province
1: endTurn
Player 0: 4
Player 1: 9
0: bought gold
0: end turn
Player 0: 5
Player 1: 10
1: bought silver
1: endTurn
Player 0: 1
Player 1: 10
0: bought silver
0: end turn
Player 0: 1
Player 1: 1
1: bought silver
1: endTurn
Player 0: 3
Player 1: 3
0: bought silver
0: end turn
Player 0: 5
Player 1: 9
1: bought gold
1: endTurn
Player 0: 5
Player 1: 15
0: bought province
0: end turn
Player 0: 11
Player 1: 17
1: bought silver
1: endTurn
Player 0: 8
Player 1: 17
0: end turn
Player 0: 8
Player 1: 1
1: bought silver
1: endTurn
Player 0: 8
Player 1: 8
0: bought province
0: end turn
Player 0: 15
Player 1: 8
1: bought province
1: endTurn
Player 0: 16
Player 1: 15
0: bought gold
0: end turn
Player 0: 23
Player 1: 22
1: bought gold
1: endTurn
Player 0: 0
Player 1: 23
0: bought province
0: end turn
Player 0: 9
Player 1: 1
1: bought gold
1: endTurn
Player 0: 21
Player 1: 9
0: bought silver
0: end turn
Player 0: 27
Player 1: 9
1: bought province
1: endTurn
Player 0: 28
Player 1: 21
0: bought gold
0: end turn
Player 0: 35
Player 1: 27
1: bought province
1: endTurn
Player 0: 37
Player 1: 33
0: bought silver
0: end turn
Player 0: 49
Player 1: 35
1: bought silver
1: endTurn
Player 0: 6
Player 1: 36
0: bought gold
0: end turn
Player 0: 7
Player 1: 7
1: bought silver
1: endTurn
Player 0: 13
Player 1: 14
0: bought province
0: end turn
Player 0: 27
Player 1: 14
Finished game 5 .
Player 0: 27
Player 1: 14
Starting game 6 .
0: bought silver
0: end turn
Player 0: 3
Player 1: 2
1: bought silver
1: endTurn
Player 0: 6
Player 1: 3
0: end turn
Player 0: 7
Player 1: 4
1: bought silver
1: endTurn
Player 0: 2
Player 1: 12
0: bought silver
0: end turn
Player 0: 3
Player 1: 1
1: bought silver
1: endTurn
Player 0: 4
Player 1: 3
0: bought silver
0: end turn
Player 0: 12
Player 1: 4
1: bought silver
1: endTurn
Player 0: 1
Player 1: 5
0: bought silver
0: end turn
Player 0: 3
Player 1: 1
1: bought province
1: endTurn
Player 0: 4
Player 1: 9
0: bought gold
0: end turn
Player 0: 5
Player 1: 10
1: bought silver
1: endTurn
Player 0: 1
Player 1: 10
0: bought silver
0: end turn
Player 0: 1
Player 1: 1
1: bought silver
1: endTurn
Player 0: 3
Player 1: 3
0: bought silver
0: end turn
Player 0: 5
Player 1: 9
1: bought gold
1: endTurn
Player 0: 5
Player 1: 15
0: bought province
0: end turn
Player 0: 11
Player 1: 17
1: bought silver
1: endTurn
Player 0: 8
Player 1: 17
0: end turn
Player 0: 8
Player 1: 1
1: bought silver
1: endTurn
Player 0: 8
Player 1: 8
0: bought province
0: end turn
Player 0: 15
Player 1: 8
1: bought province
1: endTurn
Player 0: 16
Player 1: 15
0: bought gold
0: end turn
Player 0: 23
Player 1: 22
1: bought gold
1: endTurn
Player 0: 0
Player 1: 23
0: bought province
0: end turn
Player 0: 9
Player 1: 1
1: bought gold
1: endTurn
Player 0: 21
Player 1: 9
0: bought silver
0: end turn
Player 0: 27
Player 1: 9
1: bought province
1: endTurn
Player 0: 28
Player 1: 21
0: bought gold
0: end turn
Player 0: 35
Player 1: 27
1: bought province
1: endTurn
Player 0: 37
Player 1: 33
0: bought silver
0: end turn
Player 0: 49
Player 1: 35
1: bought silver
1: endTurn
Player 0: 6
Player 1: 36
0: bought gold
0: end turn
Player 0: 7
Player 1: 7
1: bought silver
1: endTurn
Player 0: 13
Player 1: 14
0: bought province
0: end turn
Player 0: 27
Player 1: 14
Finished game 6 .
Player 0: 27
Player 1: 14
Starting game 7 .
0: bought silver
0: end turn
Player 0: 3
Player 1: 2
1: bought silver
1: endTurn
Player 0: 6
Player 1: 3
0: end turn
Player 0: 7
Player 1: 4
1: bought silver
1: endTurn
Player 0: 2
Player 1: 12
0: bought silver
0: end turn
Player 0: 3
Player 1: 1
1: bought silver
1: endTurn
Player 0: 4
Player 1: 3
0: bought silver
0: end turn
Player 0: 12
Player 1: 4
1: bought silver
1: endTurn
Player 0: 1
Player 1: 5
0: bought silver
0: end turn
Player 0: 3
Player 1: 1
1: bought province
1: endTurn
Player 0: 4
Player 1: 9
0: bought gold
0: end turn
Player 0: 5
Player 1: 10
1: bought silver
1: endTurn
Player 0: 1
Player 1: 10
0: bought silver
0: end turn
Player 0: 1
Player 1: 1
1: bought silver
1: endTurn
Player 0: 3
Player 1: 3
0: bought silver
0: end turn
Player 0: 5
Player 1: 9
1: bought gold
1: endTurn
Player 0: 5
Player 1: 15
0: bought province
0: end turn
Player 0: 11
Player 1: 17
1: bought silver
1: endTurn
Player 0: 8
Player 1: 17
0: end turn
Player 0: 8
Player 1: 1
1: bought silver
1: endTurn
Player 0: 8
Player 1: 8
0: bought province
0: end turn
Player 0: 15
Player 1: 8
1: bought province
1: endTurn
Player 0: 16
Player 1: 15
0: bought gold
0: end turn
Player 0: 23
Player 1: 22
1: bought gold
1: endTurn
Player 0: 0
Player 1: 23
0: bought province
0: end turn
Player 0: 9
Player 1: 1
1: bought gold
1: endTurn
Player 0: 21
Player 1: 9
0: bought silver
0: end turn
Player 0: 27
Player 1: 9
1: bought province
1: endTurn
Player 0: 28
Player 1: 21
0: bought gold
0: end turn
Player 0: 35
Player 1: 27
1: bought province
1: endTurn
Player 0: 37
Player 1: 33
0: bought silver
0: end turn
Player 0: 49
Player 1: 35
1: bought silver
1: endTurn
Player 0: 6
Player 1: 36
0: bought gold
0: end turn
Player 0: 7
Player 1: 7
1: bought silver
1: endTurn
Player 0: 13
Player 1: 14
0: bought province
0: end turn
Player 0: 27
Player 1: 14
Finished game 7 .
Player 0: 27
Player 1: 14
Starting game 8 .
0: bought silver
0: end turn
Player 0: 3
Player 1: 2
1: bought silver
1: endTurn
Player 0: 6
Player 1: 3
0: end turn
Player 0: 7
Player 1: 4
1: bought silver
1: endTurn
Player 0: 2
Player 1: 12
0: bought silver
0: end turn
Player 0: 3
Player 1: 1
1: bought silver
1: endTurn
Player 0: 4
Player 1: 3
0: bought silver
0: end turn
Player 0: 12
Player 1: 4
1: bought silver
1: endTurn
Player 0: 1
Player 1: 5
0: bought silver
0: end turn
Player 0: 3
Player 1: 1
1: bought province
1: endTurn
Player 0: 4
Player 1: 9
0: bought gold
0: end turn
Player 0: 5
Player 1: 10
1: bought silver
1: endTurn
Player 0: 1
Player 1: 10
0: bought silver
0: end turn
Player 0: 1
Player 1: 1
1: bought silver
1: endTurn
Player 0: 3
Player 1: 3
0: bought silver
0: end turn
Player 0: 5
Player 1: 9
1: bought gold
1: endTurn
Player 0: 5
Player 1: 15
0: bought province
0: end turn
Player 0: 11
Player 1: 17
1: bought silver
1: endTurn
Player 0: 8
Player 1: 17
0: end turn
Player 0: 8
Player 1: 1
1: bought silver
1: endTurn
Player 0: 8
Player 1: 8
0: bought province
0: end turn
Player 0: 15
Player 1: 8
1: bought province
1: endTurn
Player 0: 16
Player 1: 15
0: bought gold
0: end turn
Player 0: 23
Player 1: 22
1: bought gold
1: endTurn
Player 0: 0
Player 1: 23
0: bought province
0: end turn
Player 0: 9
Player 1: 1
1: bought gold
1: endTurn
Player 0: 21
Player 1: 9
0: bought silver
0: end turn
Player 0: 27
Player 1: 9
1: bought province
1: endTurn
Player 0: 28
Player 1: 21
0: bought gold
0: end turn
Player 0: 35
Player 1: 27
1: bought province
1: endTurn
Player 0: 37
Player 1: 33
0: bought silver
0: end turn
Player 0: 49
Player 1: 35
1: bought silver
1: endTurn
Player 0: 6
Player 1: 36
0: bought gold
0: end turn
Player 0: 7
Player 1: 7
1: bought silver
1: endTurn
Player 0: 13
Player 1: 14
0: bought province
0: end turn
Player 0: 27
Player 1: 14
Finished game 8 .
Player 0: 27
Player 1: 14
Starting game 9 .
0: bought silver
0: end turn
Player 0: 3
Player 1: 2
1: bought silver
1: endTurn
Player 0: 6
Player 1: 3
0: end turn
Player 0: 7
Player 1: 4
1: bought silver
1: endTurn
Player 0: 2
Player 1: 12
0: bought silver
0: end turn
Player 0: 3
Player 1: 1
1: bought silver
1: endTurn
Player 0: 4
Player 1: 3
0: bought silver
0: end turn
Player 0: 12
Player 1: 4
1: bought silver
1: endTurn
Player 0: 1
Player 1: 5
0: bought silver
0: end turn
Player 0: 3
Player 1: 1
1: bought province
1: endTurn
Player 0: 4
Player 1: 9
0: bought gold
0: end turn
Player 0: 5
Player 1: 10
1: bought silver
1: endTurn
Player 0: 1
Player 1: 10
0: bought silver
0: end turn
Player 0: 1
Player 1: 1
1: bought silver
1: endTurn
Player 0: 3
Player 1: 3
0: bought silver
0: end turn
Player 0: 5
Player 1: 9
1: bought gold
1: endTurn
Player 0: 5
Player 1: 15
0: bought province
0: end turn
Player 0: 11
Player 1: 17
1: bought silver
1: endTurn
Player 0: 8
Player 1: 17
0: end turn
Player 0: 8
Player 1: 1
1: bought silver
1: endTurn
Player 0: 8
Player 1: 8
0: bought province
0: end turn
Player 0: 15
Player 1: 8
1: bought province
1: endTurn
Player 0: 16
Player 1: 15
0: bought gold
0: end turn
Player 0: 23
Player 1: 22
1: bought gold
1: endTurn
Player 0: 0
Player 1: 23
0: bought province
0: end turn
Player 0: 9
Player 1: 1
1: bought gold
1: endTurn
Player 0: 21
Player 1: 9
0: bought silver
0: end turn
Player 0: 27
Player 1: 9
1: bought province
1: endTurn
Player 0: 28
Player 1: 21
0: bought gold
0: end turn
Player 0: 35
Player 1: 27
1: bought province
1: endTurn
Player 0: 37
Player 1: 33
0: bought silver
0: end turn
Player 0: 49
Player 1: 35
1: bought silver
1: endTurn
Player 0: 6
Player 1: 36
0: bought gold
0: end turn
Player 0: 7
Player 1: 7
1: bought silver
1: endTurn
Player 0: 13
Player 1: 14
0: bought province
0: end turn
Player 0: 27
Player 1: 14
Finished game 9 .
Player 0: 27
Player 1: 14
